<?xml version="1.0" encoding="UTF-8"?>
<testsuite xmlns:xsi="http://www.w3.org/2001/XMLSchema-instance" xsi:noNamespaceSchemaLocation="https://maven.apache.org/surefire/maven-surefire-plugin/xsd/surefire-test-report-3.0.xsd" version="3.0" name="tests.ApiTest" time="20.373" tests="1" errors="0" skipped="0" failures="0">
  <properties>
[...]
</properties>
  <testcase name="executeApiFlow" classname="tests.ApiTest" time="19.757">
    <system-out><![CDATA[Initializing API test execution...
Loading YAML file: priorities.yaml
YAML loaded successfully.
Environment: staging
Base URL: https://admin.joacademy.net
Attempting to acquire auth token...
Extracted Token: 4499366|iIX35qlbsNX80v3U7ZdtJJq7By5Y4ui146eVFiNX
Auth token acquired: 4499366|iIX35qlbsNX80v3U7ZdtJJq7By5Y4ui146eVFiNX
✅  API succeeded: Get User Courses
✅  API succeeded: Get User Files
✅  API succeeded: Get Favorite Files
⚠️  API failed: Get Favorite Files - Fail (Status: 405)
⚠️  API failed: Get User Courses - Typo (Status: 404)
Email sent successfully.
Starting Retry #1 for failed APIs...
⚠️  API failed: Get Favorite Files - Fail (Status: 405)
⚠️  API failed: Get User Courses - Typo (Status: 404)
Email sent successfully.
Starting Retry #2 for remaining failed APIs...
⚠️  API failed: Get Favorite Files - Fail (Status: 405)
⚠️  API failed: Get User Courses - Typo (Status: 404)
Email sent successfully.
⚠️ API FAILED: Get Favorite Files - Fail with status: 405
⚠️ API FAILED: Get Favorite Files - Fail with status: 405
⚠️ API FAILED: Get Favorite Files - Fail with status: 405
⚠️ API FAILED: Get User Courses - Typo with status: 404
⚠️ API FAILED: Get User Courses - Typo with status: 404
⚠️ API FAILED: Get User Courses - Typo with status: 404
API monitoring run completed. Check logs or email reports for details.
]]></system-out>
  </testcase>
</testsuite>