<?xml version="1.0" encoding="UTF-8"?>
<testng-results ignored="0" total="1" passed="1" failed="0" skipped="0">
  <reporter-output>
  </reporter-output>
  <suite started-at="2025-05-18T16:38:20 EET" name="Surefire suite" finished-at="2025-05-18T16:38:40 EET" duration-ms="19862">
    <groups>
    </groups>
    <test started-at="2025-05-18T16:38:20 EET" name="Surefire test" finished-at="2025-05-18T16:38:40 EET" duration-ms="19862">
      <class name="tests.ApiTest">
        <test-method signature="executeApiFlow()[pri:0, instance:tests.ApiTest@352ff4da]" started-at="2025-05-18T16:38:20 EET" name="executeApiFlow" description="Run Full API Scenario with Allure Steps" finished-at="2025-05-18T16:38:40 EET" duration-ms="19787" status="PASS">
          <reporter-output>
          </reporter-output>
        </test-method> <!-- executeApiFlow -->
      </class> <!-- tests.ApiTest -->
    </test> <!-- Surefire test -->
  </suite> <!-- Surefire suite -->
</testng-results>
